24-06-11 18:33:01.963 [main] INFO  c.E.c.InvoiceControllerTest - Starting InvoiceControllerTest using Java 21.0.2 with PID 20468 (started by ASUS in C:\Users\ASUS\OneDrive\Desktop\erp new) 
24-06-11 18:33:01.966 [main] INFO  c.E.c.InvoiceControllerTest - No active profile set, falling back to 1 default profile: "default" 
24-06-11 18:33:02.483 [main] WARN  o.s.b.a.s.s.UserDetailsServiceAutoConfiguration - 

Using generated security password: 1025e4c8-c527-4ba0-b7be-1ac35968432b

This generated password is for development use only. Your security configuration must be updated before running your application in production.
 
24-06-11 18:33:02.577 [main] INFO  o.s.s.web.DefaultSecurityFilterChain - Will secure any request with [org.springframework.security.web.session.DisableEncodeUrlFilter@9124278, org.springframework.security.web.context.request.async.WebAsyncManagerIntegrationFilter@524250ec, org.springframework.security.web.context.SecurityContextHolderFilter@6cc91654, org.springframework.security.web.header.HeaderWriterFilter@3b5d0c4d, org.springframework.web.filter.CorsFilter@7432cb37, org.springframework.security.web.jwtAuthentication.logout.LogoutFilter@5ebd3708, org.springframework.security.web.savedrequest.RequestCacheAwareFilter@3c72c488, org.springframework.security.web.servletapi.SecurityContextHolderAwareRequestFilter@290ebbbe, org.springframework.security.web.jwtAuthentication.AnonymousAuthenticationFilter@7602da1a, org.springframework.security.web.access.ExceptionTranslationFilter@1320d929, org.springframework.security.web.access.intercept.FilterSecurityInterceptor@72de1d86]
24-06-11 18:33:02.628 [main] INFO  o.s.b.t.m.w.SpringBootMockServletContext - Initializing Spring TestDispatcherServlet '' 
24-06-11 18:33:02.628 [main] INFO  o.s.t.w.s.TestDispatcherServlet - Initializing Servlet '' 
24-06-11 18:33:02.629 [main] INFO  o.s.t.w.s.TestDispatcherServlet - Completed initialization in 0 ms 
24-06-11 18:33:02.637 [main] INFO  c.E.c.InvoiceControllerTest - Started InvoiceControllerTest in 0.763 seconds (process running for 15.839) 
24-06-11 18:33:02.655 [main] INFO  c.E.c.InvoiceControllerTest - Starting testUpdateInvoice 
24-06-11 18:33:02.681 [main] INFO  c.E.security.JwtAuthenticationFilter - Header: null 
24-06-11 18:33:02.681 [main] INFO  c.E.security.JwtAuthenticationFilter - Invalid Authorization header. 
24-06-11 18:33:02.714 [main] INFO  c.E.c.InvoiceControllerTest - testUpdateInvoice passed 
24-06-11 18:33:02.725 [main] INFO  c.E.c.InvoiceControllerTest - Starting getInvoiceTest 
24-06-11 18:33:02.729 [main] INFO  c.E.security.JwtAuthenticationFilter - Header: null 
24-06-11 18:33:02.729 [main] INFO  c.E.security.JwtAuthenticationFilter - Invalid Authorization header. 
24-06-11 18:33:02.750 [main] INFO  c.E.c.InvoiceControllerTest - getInvoiceTest passed 
24-06-11 18:33:02.763 [main] INFO  c.E.c.InvoiceControllerTest - Starting getAllInvoicesTest 
24-06-11 18:33:02.772 [main] INFO  c.E.security.JwtAuthenticationFilter - Header: null 
24-06-11 18:33:02.773 [main] INFO  c.E.security.JwtAuthenticationFilter - Invalid Authorization header. 
24-06-11 18:33:02.782 [main] INFO  c.E.c.InvoiceControllerTest - getAllInvoicesTest passed 
24-06-11 18:33:02.799 [main] INFO  c.E.c.InvoiceControllerTest - Starting testDeleteInvoice 
24-06-11 18:33:02.801 [main] INFO  c.E.security.JwtAuthenticationFilter - Header: null 
24-06-11 18:33:02.801 [main] INFO  c.E.security.JwtAuthenticationFilter - Invalid Authorization header. 
24-06-11 18:33:02.804 [main] INFO  c.E.c.InvoiceControllerTest - testDeleteInvoice passed 
24-06-11 18:33:02.817 [main] INFO  c.E.c.InvoiceControllerTest - Starting testAddAllInvoices 
24-06-11 18:33:02.820 [main] INFO  c.E.security.JwtAuthenticationFilter - Header: null 
24-06-11 18:33:02.820 [main] INFO  c.E.security.JwtAuthenticationFilter - Invalid Authorization header. 
24-06-11 18:33:02.859 [main] INFO  c.E.c.InvoiceControllerTest - testAddAllInvoices passed 
24-06-11 18:33:02.869 [main] INFO  c.E.c.InvoiceControllerTest - Starting testCreateInvoice 
24-06-11 18:33:02.874 [main] INFO  c.E.security.JwtAuthenticationFilter - Header: null 
24-06-11 18:33:02.874 [main] INFO  c.E.security.JwtAuthenticationFilter - Invalid Authorization header. 
24-06-11 18:33:02.878 [main] INFO  c.E.c.InvoiceControllerTest - testCreateInvoice passed 
24-06-11 18:33:02.964 [main] INFO  o.s.b.t.c.SpringBootTestContextBootstrapper - Found @SpringBootConfiguration com.ERP.ErpApplication for test class com.ERP.controllersTest.LeavesControllerTest 
24-06-11 18:33:02.971 [main] INFO  o.s.b.d.r.RestartApplicationListener - Restart disabled due to context in which it is running 
24-06-11 18:33:02.995 [main] INFO  c.E.c.LeavesControllerTest - Starting LeavesControllerTest using Java 21.0.2 with PID 20468 (started by ASUS in C:\Users\ASUS\OneDrive\Desktop\erp new) 
24-06-11 18:33:02.996 [main] INFO  c.E.c.LeavesControllerTest - No active profile set, falling back to 1 default profile: "default" 
24-06-11 18:33:03.342 [main] WARN  o.s.b.a.s.s.UserDetailsServiceAutoConfiguration - 

Using generated security password: af8817e8-afb6-42bc-af79-569a19ecc952

This generated password is for development use only. Your security configuration must be updated before running your application in production.
 
24-06-11 18:33:03.442 [main] INFO  o.s.s.web.DefaultSecurityFilterChain - Will secure any request with [org.springframework.security.web.session.DisableEncodeUrlFilter@410185ec, org.springframework.security.web.context.request.async.WebAsyncManagerIntegrationFilter@6f3b4c9a, org.springframework.security.web.context.SecurityContextHolderFilter@698c19ef, org.springframework.security.web.header.HeaderWriterFilter@fd9512f, org.springframework.web.filter.CorsFilter@bfe49f9, org.springframework.security.web.jwtAuthentication.logout.LogoutFilter@502cd238, org.springframework.security.web.savedrequest.RequestCacheAwareFilter@713935c8, org.springframework.security.web.servletapi.SecurityContextHolderAwareRequestFilter@1cf38112, org.springframework.security.web.jwtAuthentication.AnonymousAuthenticationFilter@424632a, org.springframework.security.web.access.ExceptionTranslationFilter@2d481de0, org.springframework.security.web.access.intercept.FilterSecurityInterceptor@3027fe42]
24-06-11 18:33:03.540 [main] INFO  o.s.b.t.m.w.SpringBootMockServletContext - Initializing Spring TestDispatcherServlet '' 
24-06-11 18:33:03.540 [main] INFO  o.s.t.w.s.TestDispatcherServlet - Initializing Servlet '' 
24-06-11 18:33:03.542 [main] INFO  o.s.t.w.s.TestDispatcherServlet - Completed initialization in 2 ms 
24-06-11 18:33:03.569 [main] INFO  c.E.c.LeavesControllerTest - Started LeavesControllerTest in 0.598 seconds (process running for 16.771) 
24-06-11 18:33:03.609 [main] INFO  c.E.security.JwtAuthenticationFilter - Header: null 
24-06-11 18:33:03.610 [main] INFO  c.E.security.JwtAuthenticationFilter - Invalid Authorization header. 
24-06-11 18:33:03.696 [main] INFO  c.E.security.JwtAuthenticationFilter - Header: null 
24-06-11 18:33:03.697 [main] INFO  c.E.security.JwtAuthenticationFilter - Invalid Authorization header. 
24-06-11 18:33:03.724 [main] INFO  c.E.security.JwtAuthenticationFilter - Header: null 
24-06-11 18:33:03.724 [main] INFO  c.E.security.JwtAuthenticationFilter - Invalid Authorization header. 
24-06-11 18:33:03.765 [main] INFO  c.E.security.JwtAuthenticationFilter - Header: null 
24-06-11 18:33:03.766 [main] INFO  c.E.security.JwtAuthenticationFilter - Invalid Authorization header. 
24-06-11 18:33:03.786 [main] INFO  c.E.security.JwtAuthenticationFilter - Header: null 
24-06-11 18:33:03.786 [main] INFO  c.E.security.JwtAuthenticationFilter - Invalid Authorization header. 
24-06-11 18:33:03.830 [main] INFO  o.s.b.t.c.SpringBootTestContextBootstrapper - Found @SpringBootConfiguration com.ERP.ErpApplication for test class com.ERP.controllersTest.ProjectControllerTest 
24-06-11 18:33:03.855 [main] INFO  o.s.b.d.r.RestartApplicationListener - Restart disabled due to context in which it is running 
24-06-11 18:33:03.927 [main] INFO  c.E.c.ProjectControllerTest - Starting ProjectControllerTest using Java 21.0.2 with PID 20468 (started by ASUS in C:\Users\ASUS\OneDrive\Desktop\erp new) 
24-06-11 18:33:03.927 [main] INFO  c.E.c.ProjectControllerTest - No active profile set, falling back to 1 default profile: "default" 
24-06-11 18:33:04.621 [main] WARN  o.s.b.a.s.s.UserDetailsServiceAutoConfiguration - 

Using generated security password: 14f903dc-f889-444d-8060-da498050e4db

This generated password is for development use only. Your security configuration must be updated before running your application in production.
 
24-06-11 18:33:04.772 [main] INFO  o.s.s.web.DefaultSecurityFilterChain - Will secure any request with [org.springframework.security.web.session.DisableEncodeUrlFilter@69cf9acb, org.springframework.security.web.context.request.async.WebAsyncManagerIntegrationFilter@2e26841f, org.springframework.security.web.context.SecurityContextHolderFilter@6aca85da, org.springframework.security.web.header.HeaderWriterFilter@5b3063b7, org.springframework.web.filter.CorsFilter@5f160f9c, org.springframework.security.web.jwtAuthentication.logout.LogoutFilter@7b3d759f, org.springframework.security.web.savedrequest.RequestCacheAwareFilter@15200332, org.springframework.security.web.servletapi.SecurityContextHolderAwareRequestFilter@1d123972, org.springframework.security.web.jwtAuthentication.AnonymousAuthenticationFilter@36c6d53b, org.springframework.security.web.access.ExceptionTranslationFilter@4529b266, org.springframework.security.web.access.intercept.FilterSecurityInterceptor@9bc10bd]
24-06-11 18:33:04.852 [main] INFO  o.s.b.t.m.w.SpringBootMockServletContext - Initializing Spring TestDispatcherServlet '' 
24-06-11 18:33:04.853 [main] INFO  o.s.t.w.s.TestDispatcherServlet - Initializing Servlet '' 
24-06-11 18:33:04.854 [main] INFO  o.s.t.w.s.TestDispatcherServlet - Completed initialization in 1 ms 
24-06-11 18:33:04.865 [main] INFO  c.E.c.ProjectControllerTest - Started ProjectControllerTest in 1.011 seconds (process running for 18.067) 
24-06-11 18:33:04.875 [main] INFO  c.E.c.ProjectControllerTest - Starting getProjectTest 
24-06-11 18:33:04.887 [main] INFO  c.E.security.JwtAuthenticationFilter - Header: null 
24-06-11 18:33:04.887 [main] INFO  c.E.security.JwtAuthenticationFilter - Invalid Authorization header. 
24-06-11 18:33:04.914 [main] INFO  c.E.c.ProjectControllerTest - getProjectTest passed 
24-06-11 18:33:04.924 [main] INFO  c.E.c.ProjectControllerTest - Starting testAddAllProjects 
24-06-11 18:33:04.929 [main] INFO  c.E.security.JwtAuthenticationFilter - Header: null 
24-06-11 18:33:04.929 [main] INFO  c.E.security.JwtAuthenticationFilter - Invalid Authorization header. 
24-06-11 18:33:04.974 [main] INFO  c.E.c.ProjectControllerTest - testAddAllProjects passed 
24-06-11 18:33:04.994 [main] INFO  c.E.c.ProjectControllerTest - Starting testCreateProject 
24-06-11 18:33:05.000 [main] INFO  c.E.security.JwtAuthenticationFilter - Header: null 
24-06-11 18:33:05.000 [main] INFO  c.E.security.JwtAuthenticationFilter - Invalid Authorization header. 
24-06-11 18:33:05.006 [main] INFO  c.E.c.ProjectControllerTest - testCreateProject passed 
24-06-11 18:33:05.017 [main] INFO  c.E.c.ProjectControllerTest - Starting testUpdateProject 
24-06-11 18:33:05.021 [main] INFO  c.E.security.JwtAuthenticationFilter - Header: null 
24-06-11 18:33:05.021 [main] INFO  c.E.security.JwtAuthenticationFilter - Invalid Authorization header. 
24-06-11 18:33:05.047 [main] INFO  c.E.c.ProjectControllerTest - testUpdateProject passed 
24-06-11 18:33:05.062 [main] INFO  c.E.c.ProjectControllerTest - Starting getAllProjectsTest 
24-06-11 18:33:05.066 [main] INFO  c.E.security.JwtAuthenticationFilter - Header: null 
24-06-11 18:33:05.066 [main] INFO  c.E.security.JwtAuthenticationFilter - Invalid Authorization header. 
24-06-11 18:33:05.070 [main] INFO  c.E.c.ProjectControllerTest - getAllProjectsTest passed 
24-06-11 18:33:05.082 [main] INFO  c.E.c.ProjectControllerTest - Starting testDeleteProject 
24-06-11 18:33:05.095 [main] INFO  c.E.security.JwtAuthenticationFilter - Header: null 
24-06-11 18:33:05.095 [main] INFO  c.E.security.JwtAuthenticationFilter - Invalid Authorization header. 
24-06-11 18:33:05.100 [main] INFO  c.E.c.ProjectControllerTest - testDeleteProject passed 
24-06-11 18:33:05.393 [main] INFO  o.s.b.t.c.SpringBootTestContextBootstrapper - Found @SpringBootConfiguration com.ERP.ErpApplication for test class com.ERP.controllersTest.SalaryStructureControllerTest 
24-06-11 18:33:05.397 [main] INFO  o.s.b.d.r.RestartApplicationListener - Restart disabled due to context in which it is running 
24-06-11 18:33:05.443 [main] INFO  c.E.c.SalaryStructureControllerTest - Starting SalaryStructureControllerTest using Java 21.0.2 with PID 20468 (started by ASUS in C:\Users\ASUS\OneDrive\Desktop\erp new) 
24-06-11 18:33:05.443 [main] INFO  c.E.c.SalaryStructureControllerTest - No active profile set, falling back to 1 default profile: "default" 
24-06-11 18:33:06.001 [main] WARN  o.s.b.a.s.s.UserDetailsServiceAutoConfiguration - 

Using generated security password: 4dc5b59e-76a9-4eef-8482-a9a06828995c

This generated password is for development use only. Your security configuration must be updated before running your application in production.
 
24-06-11 18:33:06.082 [main] INFO  o.s.s.web.DefaultSecurityFilterChain - Will secure any request with [org.springframework.security.web.session.DisableEncodeUrlFilter@5d706283, org.springframework.security.web.context.request.async.WebAsyncManagerIntegrationFilter@5a118efb, org.springframework.security.web.context.SecurityContextHolderFilter@88151e7, org.springframework.security.web.header.HeaderWriterFilter@43a8960, org.springframework.web.filter.CorsFilter@2618343, org.springframework.security.web.jwtAuthentication.logout.LogoutFilter@50cbe633, org.springframework.security.web.savedrequest.RequestCacheAwareFilter@1f8315cf, org.springframework.security.web.servletapi.SecurityContextHolderAwareRequestFilter@2e66340, org.springframework.security.web.jwtAuthentication.AnonymousAuthenticationFilter@796dff96, org.springframework.security.web.access.ExceptionTranslationFilter@25171df2, org.springframework.security.web.access.intercept.FilterSecurityInterceptor@7af8b02]
24-06-11 18:33:06.136 [main] INFO  o.s.b.t.m.w.SpringBootMockServletContext - Initializing Spring TestDispatcherServlet '' 
24-06-11 18:33:06.136 [main] INFO  o.s.t.w.s.TestDispatcherServlet - Initializing Servlet '' 
24-06-11 18:33:06.137 [main] INFO  o.s.t.w.s.TestDispatcherServlet - Completed initialization in 1 ms 
24-06-11 18:33:06.147 [main] INFO  c.E.c.SalaryStructureControllerTest - Started SalaryStructureControllerTest in 0.75 seconds (process running for 19.349) 
24-06-11 18:33:06.165 [main] INFO  c.E.security.JwtAuthenticationFilter - Header: null 
24-06-11 18:33:06.168 [main] INFO  c.E.security.JwtAuthenticationFilter - Invalid Authorization header. 
24-06-11 18:33:06.200 [main] INFO  c.E.security.JwtAuthenticationFilter - Header: null 
24-06-11 18:33:06.200 [main] INFO  c.E.security.JwtAuthenticationFilter - Invalid Authorization header. 
24-06-11 18:33:06.220 [main] INFO  c.E.security.JwtAuthenticationFilter - Header: null 
24-06-11 18:33:06.220 [main] INFO  c.E.security.JwtAuthenticationFilter - Invalid Authorization header. 
24-06-11 18:33:06.261 [main] INFO  c.E.security.JwtAuthenticationFilter - Header: null 
24-06-11 18:33:06.261 [main] INFO  c.E.security.JwtAuthenticationFilter - Invalid Authorization header. 
24-06-11 18:33:06.303 [main] INFO  c.E.security.JwtAuthenticationFilter - Header: null 
24-06-11 18:33:06.304 [main] INFO  c.E.security.JwtAuthenticationFilter - Invalid Authorization header. 
24-06-11 18:33:06.333 [main] INFO  c.E.security.JwtAuthenticationFilter - Header: null 
24-06-11 18:33:06.333 [main] INFO  c.E.security.JwtAuthenticationFilter - Invalid Authorization header. 
24-06-11 18:33:06.362 [main] INFO  o.s.b.t.c.SpringBootTestContextBootstrapper - Found @SpringBootConfiguration com.ERP.ErpApplication for test class com.ERP.controllersTest.TaskControllerTest 
24-06-11 18:33:06.367 [main] INFO  o.s.b.d.r.RestartApplicationListener - Restart disabled due to context in which it is running 
24-06-11 18:33:06.411 [main] INFO  c.E.c.TaskControllerTest - Starting TaskControllerTest using Java 21.0.2 with PID 20468 (started by ASUS in C:\Users\ASUS\OneDrive\Desktop\erp new) 
24-06-11 18:33:06.411 [main] INFO  c.E.c.TaskControllerTest - No active profile set, falling back to 1 default profile: "default" 
24-06-11 18:33:06.847 [main] WARN  o.s.b.a.s.s.UserDetailsServiceAutoConfiguration - 

Using generated security password: f99be80c-701d-419a-86d5-8152bc52349d

This generated password is for development use only. Your security configuration must be updated before running your application in production.
 
24-06-11 18:33:06.936 [main] INFO  o.s.s.web.DefaultSecurityFilterChain - Will secure any request with [org.springframework.security.web.session.DisableEncodeUrlFilter@54856056, org.springframework.security.web.context.request.async.WebAsyncManagerIntegrationFilter@3374a30c, org.springframework.security.web.context.SecurityContextHolderFilter@2cda8be9, org.springframework.security.web.header.HeaderWriterFilter@387f53cf, org.springframework.web.filter.CorsFilter@16a45e5b, org.springframework.security.web.jwtAuthentication.logout.LogoutFilter@776a3e76, org.springframework.security.web.savedrequest.RequestCacheAwareFilter@698cc99d, org.springframework.security.web.servletapi.SecurityContextHolderAwareRequestFilter@4d34baec, org.springframework.security.web.jwtAuthentication.AnonymousAuthenticationFilter@6d0e90d5, org.springframework.security.web.access.ExceptionTranslationFilter@4f8d7222, org.springframework.security.web.access.intercept.FilterSecurityInterceptor@2ff35d7]
24-06-11 18:33:06.987 [main] INFO  o.s.b.t.m.w.SpringBootMockServletContext - Initializing Spring TestDispatcherServlet '' 
24-06-11 18:33:06.988 [main] INFO  o.s.t.w.s.TestDispatcherServlet - Initializing Servlet '' 
24-06-11 18:33:06.989 [main] INFO  o.s.t.w.s.TestDispatcherServlet - Completed initialization in 1 ms 
24-06-11 18:33:06.996 [main] INFO  c.E.c.TaskControllerTest - Started TaskControllerTest in 0.629 seconds (process running for 20.198) 
24-06-11 18:33:07.028 [main] INFO  c.E.security.JwtAuthenticationFilter - Header: null 
24-06-11 18:33:07.028 [main] INFO  c.E.security.JwtAuthenticationFilter - Invalid Authorization header. 
24-06-11 18:33:07.070 [main] INFO  c.E.security.JwtAuthenticationFilter - Header: null 
24-06-11 18:33:07.071 [main] INFO  c.E.security.JwtAuthenticationFilter - Invalid Authorization header. 
24-06-11 18:33:07.087 [main] INFO  c.E.security.JwtAuthenticationFilter - Header: null 
24-06-11 18:33:07.087 [main] INFO  c.E.security.JwtAuthenticationFilter - Invalid Authorization header. 
24-06-11 18:33:07.113 [main] INFO  c.E.security.JwtAuthenticationFilter - Header: null 
24-06-11 18:33:07.113 [main] INFO  c.E.security.JwtAuthenticationFilter - Invalid Authorization header. 
24-06-11 18:33:07.136 [main] INFO  c.E.security.JwtAuthenticationFilter - Header: null 
24-06-11 18:33:07.137 [main] INFO  c.E.security.JwtAuthenticationFilter - Invalid Authorization header. 
24-06-11 18:33:07.161 [main] INFO  com.ERP.entitiesTest.AssetTest - Testing getters 
24-06-11 18:33:07.179 [main] INFO  com.ERP.entitiesTest.AssetTest - Testing setters 
24-06-11 18:33:07.192 [main] INFO  com.ERP.entitiesTest.AssetTest - Testing constructor 
24-06-11 18:33:07.336 [main] INFO  com.ERP.entitiesTest.ClientTest - Testing getters 
24-06-11 18:33:07.348 [main] INFO  com.ERP.entitiesTest.ClientTest - Testing setters 
24-06-11 18:33:07.373 [main] INFO  com.ERP.entitiesTest.ClientTest - Testing constructor 
24-06-11 18:33:07.650 [main] INFO  com.ERP.entitiesTest.DepartmentTest - Setting up test environment 
24-06-11 18:33:07.652 [main] INFO  com.ERP.entitiesTest.DepartmentTest - Testing getters 
24-06-11 18:33:07.660 [main] INFO  com.ERP.entitiesTest.DepartmentTest - Setting up test environment 
24-06-11 18:33:07.662 [main] INFO  com.ERP.entitiesTest.DepartmentTest - Testing setters 
24-06-11 18:33:07.668 [main] INFO  com.ERP.entitiesTest.DepartmentTest - Setting up test environment 
24-06-11 18:33:07.669 [main] INFO  com.ERP.entitiesTest.DepartmentTest - Testing constructor 
24-06-11 18:33:07.770 [main] INFO  com.ERP.entitiesTest.EmployeeTest - Testing getters 
24-06-11 18:33:07.774 [main] INFO  com.ERP.entitiesTest.EmployeeTest - Testing setters 
24-06-11 18:33:07.778 [main] INFO  com.ERP.entitiesTest.EmployeeTest - Testing constructor 
24-06-11 18:33:07.796 [main] INFO  com.ERP.entitiesTest.InvoiceTest - Testing getters 
24-06-11 18:33:07.800 [main] INFO  com.ERP.entitiesTest.InvoiceTest - Testing setters 
24-06-11 18:33:07.804 [main] INFO  com.ERP.entitiesTest.InvoiceTest - Testing constructor 
24-06-11 18:33:07.916 [main] INFO  com.ERP.entitiesTest.LeavesTest - Testing getters 
24-06-11 18:33:07.964 [main] INFO  com.ERP.entitiesTest.LeavesTest - Testing setters 
24-06-11 18:33:07.970 [main] INFO  com.ERP.entitiesTest.LeavesTest - Testing constructor 
24-06-11 18:33:08.280 [main] INFO  com.ERP.entitiesTest.ProjectTest - Setting up test environment 
24-06-11 18:33:08.282 [main] INFO  com.ERP.entitiesTest.ProjectTest - Testing getters 
24-06-11 18:33:08.289 [main] INFO  com.ERP.entitiesTest.ProjectTest - Setting up test environment 
24-06-11 18:33:08.293 [main] INFO  com.ERP.entitiesTest.ProjectTest - Testing setters 
24-06-11 18:33:08.301 [main] INFO  com.ERP.entitiesTest.ProjectTest - Setting up test environment 
24-06-11 18:33:08.306 [main] INFO  com.ERP.entitiesTest.ProjectTest - Testing constructor 
24-06-11 18:33:08.478 [main] INFO  o.s.t.c.s.AnnotationConfigContextLoaderUtils - Could not detect default configuration classes for test class [com.ERP.ErpApplicationTests]: ErpApplicationTests does not declare any static, non-private, non-final, nested classes annotated with @Configuration. 
24-06-11 18:33:08.526 [main] INFO  o.s.b.t.c.SpringBootTestContextBootstrapper - Found @SpringBootConfiguration com.ERP.ErpApplication for test class com.ERP.ErpApplicationTests 
24-06-11 18:33:08.563 [main] INFO  o.s.b.d.r.RestartApplicationListener - Restart disabled due to context in which it is running 
24-06-11 18:33:08.613 [main] INFO  com.ERP.ErpApplicationTests - Starting ErpApplicationTests using Java 21.0.2 with PID 20468 (started by ASUS in C:\Users\ASUS\OneDrive\Desktop\erp new) 
24-06-11 18:33:08.614 [main] INFO  com.ERP.ErpApplicationTests - No active profile set, falling back to 1 default profile: "default" 
24-06-11 18:33:09.520 [main] INFO  o.s.d.r.c.RepositoryConfigurationDelegate - Bootstrapping Spring Data JPA repositories in DEFAULT mode. 
24-06-11 18:33:09.744 [main] INFO  o.s.d.r.c.RepositoryConfigurationDelegate - Finished Spring Data repository scanning in 187 ms. Found 12 JPA repository interfaces. 
24-06-11 18:33:10.439 [main] INFO  o.h.jpa.internal.util.LogHelper - HHH000204: Processing PersistenceUnitInfo [name: default] 
24-06-11 18:33:10.598 [main] INFO  org.hibernate.Version - HHH000412: Hibernate ORM core version 6.4.4.Final 
24-06-11 18:33:10.683 [main] INFO  o.h.c.i.RegionFactoryInitiator - HHH000026: Second-level cache disabled 
24-06-11 18:33:10.886 [main] INFO  o.s.o.j.p.SpringPersistenceUnitInfo - No LoadTimeWeaver setup: ignoring JPA class transformer 
24-06-11 18:33:10.964 [main] INFO  com.zaxxer.hikari.HikariDataSource - HikariPool-1 - Starting... 
24-06-11 18:33:14.968 [main] INFO  com.zaxxer.hikari.pool.HikariPool - HikariPool-1 - Added connection com.mysql.cj.jdbc.ConnectionImpl@7dd31f90 
24-06-11 18:33:14.971 [main] INFO  com.zaxxer.hikari.HikariDataSource - HikariPool-1 - Start completed. 
24-06-11 18:33:15.241 [main] WARN  org.hibernate.orm.deprecation - HHH90000025: MySQL8Dialect does not need to be specified explicitly using 'hibernate.dialect' (remove the property setting and it will be selected by default) 
24-06-11 18:33:15.243 [main] WARN  org.hibernate.orm.deprecation - HHH90000026: MySQL8Dialect has been deprecated; use org.hibernate.dialect.MySQLDialect instead 
24-06-11 18:33:17.059 [main] INFO  o.h.e.t.j.p.i.JtaPlatformInitiator - HHH000489: No JTA platform available (set 'hibernate.transaction.jta.platform' to enable JTA platform integration) 
24-06-11 18:33:23.483 [main] INFO  o.s.o.j.LocalContainerEntityManagerFactoryBean - Initialized JPA EntityManagerFactory for persistence unit 'default' 
24-06-11 18:33:24.496 [main] WARN  o.s.b.a.o.j.JpaBaseConfiguration$JpaWebConfiguration - spring.jpa.open-in-view is enabled by default. Therefore, database queries may be performed during view rendering. Explicitly configure spring.jpa.open-in-view to disable this warning 
24-06-11 18:33:25.025 [main] INFO  o.s.g.e.DefaultSchemaResourceGraphQlSourceBuilder - Loaded 1 resource(s) in the GraphQL schema. 
24-06-11 18:33:25.518 [main] INFO  o.s.b.a.g.GraphQlAutoConfiguration - GraphQL schema inspection:
	Unmapped fields: {Query=[getClientById]}
	Unmapped registrations: {}
	Skipped types: [] 
24-06-11 18:33:25.545 [main] INFO  o.s.b.a.g.s.GraphQlWebMvcAutoConfiguration - GraphQL endpoint HTTP POST /graphql 
24-06-11 18:33:25.588 [main] INFO  o.s.s.web.DefaultSecurityFilterChain - Will secure any request with [org.springframework.security.web.session.DisableEncodeUrlFilter@1c1fb4e6, org.springframework.security.web.context.request.async.WebAsyncManagerIntegrationFilter@5e6775fd, org.springframework.security.web.context.SecurityContextHolderFilter@1ca91fd, org.springframework.security.web.header.HeaderWriterFilter@264368ad, org.springframework.security.web.jwtAuthentication.logout.LogoutFilter@3695995e, com.ERP.security.JwtAuthenticationFilter@3344bc4, org.springframework.security.web.savedrequest.RequestCacheAwareFilter@5c26544b, org.springframework.security.web.servletapi.SecurityContextHolderAwareRequestFilter@1bc7c8c7, org.springframework.security.web.jwtAuthentication.AnonymousAuthenticationFilter@28b83798, org.springframework.security.web.session.SessionManagementFilter@3938204d, org.springframework.security.web.access.ExceptionTranslationFilter@b8ef941, org.springframework.security.web.access.intercept.AuthorizationFilter@72f7e734]
24-06-11 18:33:25.981 [main] INFO  com.ERP.ErpApplicationTests - Started ErpApplicationTests in 17.418 seconds (process running for 39.183) 
24-06-11 18:33:25.995 [main] INFO  o.s.t.c.s.AnnotationConfigContextLoaderUtils - Could not detect default configuration classes for test class [com.ERP.repositoriesTest.AssetRepositoryTest]: AssetRepositoryTest does not declare any static, non-private, non-final, nested classes annotated with @Configuration. 
24-06-11 18:33:26.011 [main] INFO  o.s.b.t.c.SpringBootTestContextBootstrapper - Found @SpringBootConfiguration com.ERP.ErpApplication for test class com.ERP.repositoriesTest.AssetRepositoryTest 
24-06-11 18:33:26.022 [main] INFO  c.E.r.AssetRepositoryTest - Starting addAll 
24-06-11 18:33:28.066 [main] INFO  c.E.r.AssetRepositoryTest - addAll passed 
24-06-11 18:33:28.074 [main] INFO  c.E.r.AssetRepositoryTest - Starting deleteAsset 
24-06-11 18:33:31.880 [main] INFO  c.E.r.AssetRepositoryTest - deleteAsset passed 
24-06-11 18:33:31.888 [main] INFO  c.E.r.AssetRepositoryTest - Starting findAllAssets 
24-06-11 18:33:31.889 [main] INFO  c.E.r.AssetRepositoryTest - Starting addAll 
24-06-11 18:33:33.117 [main] INFO  c.E.r.AssetRepositoryTest - addAll passed 
24-06-11 18:33:34.250 [main] INFO  c.E.r.AssetRepositoryTest - findAllAssets passed 
24-06-11 18:33:34.256 [main] INFO  c.E.r.AssetRepositoryTest - Starting saveAssetTest 
24-06-11 18:33:35.434 [main] INFO  c.E.r.AssetRepositoryTest - saveAssetTest passed 
24-06-11 18:33:35.444 [main] INFO  c.E.r.AssetRepositoryTest - Starting updateAsset 
24-06-11 18:33:39.199 [main] INFO  c.E.r.AssetRepositoryTest - updateAsset passed 
24-06-11 18:33:39.209 [main] INFO  c.E.r.AssetRepositoryTest - Starting findAssetById 
24-06-11 18:33:41.122 [main] INFO  c.E.r.AssetRepositoryTest - findAssetById passed 
24-06-11 18:33:41.202 [main] INFO  o.s.t.c.s.AnnotationConfigContextLoaderUtils - Could not detect default configuration classes for test class [com.ERP.repositoriesTest.ClientRepositoryTest]: ClientRepositoryTest does not declare any static, non-private, non-final, nested classes annotated with @Configuration. 
24-06-11 18:33:41.204 [main] INFO  o.s.b.t.c.SpringBootTestContextBootstrapper - Found @SpringBootConfiguration com.ERP.ErpApplication for test class com.ERP.repositoriesTest.ClientRepositoryTest 
24-06-11 18:33:51.114 [main] INFO  o.s.t.c.s.AnnotationConfigContextLoaderUtils - Could not detect default configuration classes for test class [com.ERP.repositoriesTest.DepartmentRepositoryTest]: DepartmentRepositoryTest does not declare any static, non-private, non-final, nested classes annotated with @Configuration. 
24-06-11 18:33:51.115 [main] INFO  o.s.b.t.c.SpringBootTestContextBootstrapper - Found @SpringBootConfiguration com.ERP.ErpApplication for test class com.ERP.repositoriesTest.DepartmentRepositoryTest 
24-06-11 18:33:51.126 [main] INFO  c.E.r.DepartmentRepositoryTest - Starting addAll 
24-06-11 18:33:52.368 [main] INFO  c.E.r.DepartmentRepositoryTest - addAll passed 
24-06-11 18:33:52.375 [main] INFO  c.E.r.DepartmentRepositoryTest - Starting updateDepartment 
24-06-11 18:33:55.218 [main] INFO  c.E.r.DepartmentRepositoryTest - updateDepartment passed 
24-06-11 18:33:55.228 [main] INFO  c.E.r.DepartmentRepositoryTest - Starting saveDepartmentTest 
24-06-11 18:33:56.105 [main] INFO  c.E.r.DepartmentRepositoryTest - saveDepartmentTest passed 
24-06-11 18:33:56.113 [main] INFO  c.E.r.DepartmentRepositoryTest - Starting findDepartmentById 
24-06-11 18:33:58.412 [main] INFO  c.E.r.DepartmentRepositoryTest - findDepartmentById passed 
24-06-11 18:33:58.423 [main] INFO  c.E.r.DepartmentRepositoryTest - Starting findAllDepartments 
24-06-11 18:33:59.522 [main] INFO  c.E.r.DepartmentRepositoryTest - findAllDepartments passed 
24-06-11 18:33:59.574 [main] INFO  o.s.t.c.s.AnnotationConfigContextLoaderUtils - Could not detect default configuration classes for test class [com.ERP.repositoriesTest.EmployeeRepositoryTest]: EmployeeRepositoryTest does not declare any static, non-private, non-final, nested classes annotated with @Configuration. 
24-06-11 18:33:59.594 [main] INFO  o.s.b.t.c.SpringBootTestContextBootstrapper - Found @SpringBootConfiguration com.ERP.ErpApplication for test class com.ERP.repositoriesTest.EmployeeRepositoryTest 
24-06-11 18:33:59.598 [main] INFO  o.s.b.d.r.RestartApplicationListener - Restart disabled due to context in which it is running 
24-06-11 18:33:59.634 [main] INFO  c.E.r.EmployeeRepositoryTest - Starting EmployeeRepositoryTest using Java 21.0.2 with PID 20468 (started by ASUS in C:\Users\ASUS\OneDrive\Desktop\erp new) 
24-06-11 18:33:59.634 [main] INFO  c.E.r.EmployeeRepositoryTest - No active profile set, falling back to 1 default profile: "default" 
24-06-11 18:33:59.759 [main] INFO  o.s.d.r.c.RepositoryConfigurationDelegate - Bootstrapping Spring Data JPA repositories in DEFAULT mode. 
24-06-11 18:33:59.801 [main] INFO  o.s.d.r.c.RepositoryConfigurationDelegate - Finished Spring Data repository scanning in 41 ms. Found 12 JPA repository interfaces. 
24-06-11 18:33:59.860 [main] INFO  o.h.jpa.internal.util.LogHelper - HHH000204: Processing PersistenceUnitInfo [name: default] 
24-06-11 18:33:59.866 [main] INFO  o.h.c.i.RegionFactoryInitiator - HHH000026: Second-level cache disabled 
24-06-11 18:33:59.875 [main] INFO  o.s.o.j.p.SpringPersistenceUnitInfo - No LoadTimeWeaver setup: ignoring JPA class transformer 
24-06-11 18:33:59.876 [main] INFO  com.zaxxer.hikari.HikariDataSource - HikariPool-2 - Starting... 
