24-06-07 13:05:35.563 [main] INFO  o.s.b.t.c.SpringBootTestContextBootstrapper - Found @SpringBootConfiguration com.ERP.ErpApplication for test class com.ERP.controllersTest.DepartmentControllerTest 
24-06-07 13:05:36.015 [main] INFO  o.s.b.d.r.RestartApplicationListener - Restart disabled due to context in which it is running 
24-06-07 13:05:36.353 [background-preinit] INFO  o.h.validator.internal.util.Version - HV000001: Hibernate Validator 8.0.1.Final 
24-06-07 13:05:36.407 [main] INFO  c.E.c.DepartmentControllerTest - Starting DepartmentControllerTest using Java 17.0.3.1 with PID 16608 (started by 91774 in C:\Users\91774\Desktop\AvisoftERPnew) 
24-06-07 13:05:36.410 [main] INFO  c.E.c.DepartmentControllerTest - No active profile set, falling back to 1 default profile: "default" 
24-06-07 13:05:38.804 [main] WARN  o.s.b.a.s.s.UserDetailsServiceAutoConfiguration - 

Using generated security password: 3ecfe5aa-866d-456c-a521-c9919b1d481a

This generated password is for development use only. Your security configuration must be updated before running your application in production.
 
24-06-07 13:05:39.377 [main] INFO  o.s.s.web.DefaultSecurityFilterChain - Will secure any request with [org.springframework.security.web.session.DisableEncodeUrlFilter@1607d391, org.springframework.security.web.context.request.async.WebAsyncManagerIntegrationFilter@38826984, org.springframework.security.web.context.SecurityContextHolderFilter@3a3316b6, org.springframework.security.web.header.HeaderWriterFilter@5e6522a6, org.springframework.web.filter.CorsFilter@65262308, org.springframework.security.web.authentication.logout.LogoutFilter@69bc4024, org.springframework.security.web.savedrequest.RequestCacheAwareFilter@56c6d515, org.springframework.security.web.servletapi.SecurityContextHolderAwareRequestFilter@702b656a, org.springframework.security.web.authentication.AnonymousAuthenticationFilter@792e8181, org.springframework.security.web.access.ExceptionTranslationFilter@2b6b487c, org.springframework.security.web.access.intercept.FilterSecurityInterceptor@3c743d40] 
24-06-07 13:05:39.664 [main] INFO  o.s.b.t.m.w.SpringBootMockServletContext - Initializing Spring TestDispatcherServlet '' 
24-06-07 13:05:39.666 [main] INFO  o.s.t.w.s.TestDispatcherServlet - Initializing Servlet '' 
24-06-07 13:05:39.667 [main] INFO  o.s.t.w.s.TestDispatcherServlet - Completed initialization in 1 ms 
24-06-07 13:05:39.704 [main] INFO  c.E.c.DepartmentControllerTest - Started DepartmentControllerTest in 3.7 seconds (process running for 5.79) 
24-06-07 13:05:39.780 [main] INFO  c.E.c.DepartmentControllerTest - Starting testDeleteDepartment 
24-06-07 13:05:39.932 [main] INFO  c.E.security.JwtAuthenticationFilter - Header: null 
24-06-07 13:05:39.933 [main] INFO  c.E.security.JwtAuthenticationFilter - Invalid Authorization header. 
24-06-07 13:05:40.050 [main] INFO  c.E.c.DepartmentControllerTest - testDeleteDepartment passed 
24-06-07 13:05:40.077 [main] INFO  c.E.c.DepartmentControllerTest - Starting getAllDepartmentsTest 
24-06-07 13:05:40.083 [main] INFO  c.E.security.JwtAuthenticationFilter - Header: null 
24-06-07 13:05:40.083 [main] INFO  c.E.security.JwtAuthenticationFilter - Invalid Authorization header. 
24-06-07 13:05:40.135 [main] INFO  c.E.c.DepartmentControllerTest - getAllDepartmentsTest passed 
24-06-07 13:05:40.147 [main] INFO  c.E.c.DepartmentControllerTest - Starting testUpdateDepartment 
24-06-07 13:05:40.152 [main] INFO  c.E.security.JwtAuthenticationFilter - Header: null 
24-06-07 13:05:40.152 [main] INFO  c.E.security.JwtAuthenticationFilter - Invalid Authorization header. 
24-06-07 13:05:40.215 [main] INFO  c.E.c.DepartmentControllerTest - testUpdateDepartment passed 
24-06-07 13:05:40.223 [main] INFO  c.E.c.DepartmentControllerTest - Starting getDepartmentTest 
24-06-07 13:05:40.225 [main] INFO  c.E.security.JwtAuthenticationFilter - Header: null 
24-06-07 13:05:40.225 [main] INFO  c.E.security.JwtAuthenticationFilter - Invalid Authorization header. 
24-06-07 13:05:40.229 [main] INFO  c.E.c.DepartmentControllerTest - getDepartmentTest passed 
24-06-07 13:05:40.239 [main] INFO  c.E.c.DepartmentControllerTest - Starting testAddAllDepartments 
24-06-07 13:05:40.240 [main] INFO  c.E.security.JwtAuthenticationFilter - Header: null 
24-06-07 13:05:40.241 [main] INFO  c.E.security.JwtAuthenticationFilter - Invalid Authorization header. 
24-06-07 13:05:40.273 [main] INFO  c.E.c.DepartmentControllerTest - testAddAllDepartments passed 
24-06-07 13:05:40.283 [main] INFO  c.E.c.DepartmentControllerTest - Starting testCreateDepartment 
24-06-07 13:05:40.288 [main] INFO  c.E.security.JwtAuthenticationFilter - Header: null 
24-06-07 13:05:40.288 [main] INFO  c.E.security.JwtAuthenticationFilter - Invalid Authorization header. 
24-06-07 13:05:40.293 [main] INFO  c.E.c.DepartmentControllerTest - testCreateDepartment passed 
