24-06-06 14:53:16.361 [main] INFO  c.E.servicesTest.ProjectServiceTest - Starting updateProjectTest 
24-06-06 14:53:16.827 [main] INFO  c.E.servicesTest.ProjectServiceTest - updateProjectTest passed 
24-06-06 14:53:16.867 [main] INFO  c.E.servicesTest.ProjectServiceTest - Starting deleteProjectTest 
24-06-06 14:53:16.877 [main] INFO  c.E.servicesTest.ProjectServiceTest - deleteProjectTest passed 
24-06-06 14:53:16.890 [main] INFO  c.E.servicesTest.ProjectServiceTest - Starting findAllProjectTest 
24-06-06 14:53:16.920 [main] INFO  c.E.servicesTest.ProjectServiceTest - findAllProjectTest passed 
24-06-06 14:53:16.932 [main] INFO  c.E.servicesTest.ProjectServiceTest - Starting createProjectTest 
24-06-06 14:53:17.009 [main] INFO  c.E.servicesTest.ProjectServiceTest - createProjectTest passed 
24-06-06 14:53:17.022 [main] INFO  c.E.servicesTest.ProjectServiceTest - Starting findProjectTest 
24-06-06 14:53:17.032 [main] INFO  c.E.servicesTest.ProjectServiceTest - findProjectTest passed 
24-06-06 14:53:17.044 [main] INFO  c.E.servicesTest.ProjectServiceTest - Starting createAllProjectsTest 
24-06-06 14:53:17.080 [main] INFO  c.E.servicesTest.ProjectServiceTest - createAllProjectsTest passed 
24-06-06 14:53:39.105 [main] INFO  o.s.b.t.c.SpringBootTestContextBootstrapper - Found @SpringBootConfiguration com.ERP.ErpApplication for test class com.ERP.controllersTest.EmployeeControllerTest 
24-06-06 14:53:39.322 [main] INFO  o.s.b.d.r.RestartApplicationListener - Restart disabled due to context in which it is running 
24-06-06 14:53:39.884 [background-preinit] INFO  o.h.validator.internal.util.Version - HV000001: Hibernate Validator 8.0.1.Final 
24-06-06 14:53:39.960 [main] INFO  c.E.c.EmployeeControllerTest - Starting EmployeeControllerTest using Java 17.0.3.1 with PID 24560 (started by 91774 in C:\Users\91774\Desktop\AvisoftERPnew) 
24-06-06 14:53:39.962 [main] INFO  c.E.c.EmployeeControllerTest - No active profile set, falling back to 1 default profile: "default" 
24-06-06 14:53:43.971 [main] WARN  o.s.b.a.s.s.UserDetailsServiceAutoConfiguration - 

Using generated security password: 289e8ec4-84a1-474a-a132-ab617561e186

This generated password is for development use only. Your security configuration must be updated before running your application in production.
 
24-06-06 14:53:45.067 [main] INFO  o.s.s.web.DefaultSecurityFilterChain - Will secure any request with [org.springframework.security.web.session.DisableEncodeUrlFilter@156324b, org.springframework.security.web.context.request.async.WebAsyncManagerIntegrationFilter@38a38ed4, org.springframework.security.web.context.SecurityContextHolderFilter@134d7ffa, org.springframework.security.web.header.HeaderWriterFilter@6dd20ec9, org.springframework.web.filter.CorsFilter@1e29a81a, org.springframework.security.web.authentication.logout.LogoutFilter@6cd2cb2, org.springframework.security.web.savedrequest.RequestCacheAwareFilter@24405466, org.springframework.security.web.servletapi.SecurityContextHolderAwareRequestFilter@35010a6b, org.springframework.security.web.authentication.AnonymousAuthenticationFilter@7b4b8199, org.springframework.security.web.access.ExceptionTranslationFilter@12448de1, org.springframework.security.web.access.intercept.FilterSecurityInterceptor@31006a75] 
24-06-06 14:53:45.567 [main] INFO  o.s.b.t.m.w.SpringBootMockServletContext - Initializing Spring TestDispatcherServlet '' 
24-06-06 14:53:45.568 [main] INFO  o.s.t.w.s.TestDispatcherServlet - Initializing Servlet '' 
24-06-06 14:53:45.571 [main] INFO  o.s.t.w.s.TestDispatcherServlet - Completed initialization in 3 ms 
24-06-06 14:53:45.644 [main] INFO  c.E.c.EmployeeControllerTest - Started EmployeeControllerTest in 6.337 seconds (process running for 9.041) 
24-06-06 14:53:45.909 [main] INFO  c.E.security.JwtAuthenticationFilter - Header: null 
24-06-06 14:53:45.909 [main] INFO  c.E.security.JwtAuthenticationFilter - Invalid Authorization header. 
24-06-06 14:53:46.188 [main] INFO  c.E.security.JwtAuthenticationFilter - Header: null 
24-06-06 14:53:46.188 [main] INFO  c.E.security.JwtAuthenticationFilter - Invalid Authorization header. 
24-06-06 14:53:46.220 [main] INFO  c.E.security.JwtAuthenticationFilter - Header: null 
24-06-06 14:53:46.220 [main] INFO  c.E.security.JwtAuthenticationFilter - Invalid Authorization header. 
24-06-06 14:53:46.273 [main] INFO  c.E.security.JwtAuthenticationFilter - Header: null 
24-06-06 14:53:46.273 [main] INFO  c.E.security.JwtAuthenticationFilter - Invalid Authorization header. 
24-06-06 14:53:46.320 [main] INFO  c.E.security.JwtAuthenticationFilter - Header: null 
24-06-06 14:53:46.320 [main] INFO  c.E.security.JwtAuthenticationFilter - Invalid Authorization header. 
24-06-06 14:53:46.347 [main] INFO  c.E.security.JwtAuthenticationFilter - Header: null 
24-06-06 14:53:46.348 [main] INFO  c.E.security.JwtAuthenticationFilter - Invalid Authorization header. 
