24-06-03 19:04:23.909 [main] INFO  o.s.b.t.c.SpringBootTestContextBootstrapper - Found @SpringBootConfiguration com.ERP.ErpApplication for test class com.ERP.controllersTest.EmployeeControllerTest 
24-06-03 19:04:24.059 [main] INFO  o.s.b.d.r.RestartApplicationListener - Restart disabled due to context in which it is running 
24-06-03 19:04:24.406 [background-preinit] INFO  o.h.validator.internal.util.Version - HV000001: Hibernate Validator 8.0.1.Final 
24-06-03 19:04:24.475 [main] INFO  c.E.c.EmployeeControllerTest - Starting EmployeeControllerTest using Java 17.0.11 with PID 6232 (started by ASUS in C:\Users\ASUS\OneDrive\Desktop\erp new) 
24-06-03 19:04:24.476 [main] INFO  c.E.c.EmployeeControllerTest - No active profile set, falling back to 1 default profile: "default" 
24-06-03 19:04:26.901 [main] WARN  o.s.b.a.s.s.UserDetailsServiceAutoConfiguration - 

Using generated security password: 0e86383a-5064-43f7-94f7-87ae351baa40

This generated password is for development use only. Your security configuration must be updated before running your application in production.
 
24-06-03 19:04:27.509 [main] INFO  o.s.s.web.DefaultSecurityFilterChain - Will secure any request with [org.springframework.security.web.session.DisableEncodeUrlFilter@722b2728, org.springframework.security.web.context.request.async.WebAsyncManagerIntegrationFilter@740c4868, org.springframework.security.web.context.SecurityContextHolderFilter@4403bff8, org.springframework.security.web.header.HeaderWriterFilter@63c99f7, org.springframework.web.filter.CorsFilter@5f3f3d00, org.springframework.security.web.jwtAuthentication.logout.LogoutFilter@3b0ed98a, org.springframework.security.web.savedrequest.RequestCacheAwareFilter@502c087e, org.springframework.security.web.servletapi.SecurityContextHolderAwareRequestFilter@49986178, org.springframework.security.web.jwtAuthentication.AnonymousAuthenticationFilter@1a6dc5ea, org.springframework.security.web.access.ExceptionTranslationFilter@74cd798f, org.springframework.security.web.access.intercept.FilterSecurityInterceptor@5ca22e19]
24-06-03 19:04:27.876 [main] INFO  o.s.b.t.m.w.SpringBootMockServletContext - Initializing Spring TestDispatcherServlet '' 
24-06-03 19:04:27.876 [main] INFO  o.s.t.w.s.TestDispatcherServlet - Initializing Servlet '' 
24-06-03 19:04:27.878 [main] INFO  o.s.t.w.s.TestDispatcherServlet - Completed initialization in 2 ms 
24-06-03 19:04:27.927 [main] INFO  c.E.c.EmployeeControllerTest - Started EmployeeControllerTest in 3.878 seconds (process running for 5.442) 
24-06-03 19:04:28.158 [main] INFO  c.E.security.JwtAuthenticationFilter - Header: null 
24-06-03 19:04:28.158 [main] INFO  c.E.security.JwtAuthenticationFilter - Invalid Authorization header. 
24-06-03 19:04:44.759 [main] INFO  o.s.b.t.c.SpringBootTestContextBootstrapper - Found @SpringBootConfiguration com.ERP.ErpApplication for test class com.ERP.controllersTest.EmployeeControllerTest 
24-06-03 19:04:44.865 [main] INFO  o.s.b.d.r.RestartApplicationListener - Restart disabled due to context in which it is running 
24-06-03 19:04:45.214 [background-preinit] INFO  o.h.validator.internal.util.Version - HV000001: Hibernate Validator 8.0.1.Final 
24-06-03 19:04:45.265 [main] INFO  c.E.c.EmployeeControllerTest - Starting EmployeeControllerTest using Java 17.0.11 with PID 12328 (started by ASUS in C:\Users\ASUS\OneDrive\Desktop\erp new) 
24-06-03 19:04:45.266 [main] INFO  c.E.c.EmployeeControllerTest - No active profile set, falling back to 1 default profile: "default" 
24-06-03 19:04:47.554 [main] WARN  o.s.b.a.s.s.UserDetailsServiceAutoConfiguration - 

Using generated security password: cb549f9c-2bcd-467a-a582-d3fbda097eb5

This generated password is for development use only. Your security configuration must be updated before running your application in production.
 
24-06-03 19:04:48.132 [main] INFO  o.s.s.web.DefaultSecurityFilterChain - Will secure any request with [org.springframework.security.web.session.DisableEncodeUrlFilter@28f05b0c, org.springframework.security.web.context.request.async.WebAsyncManagerIntegrationFilter@660296d5, org.springframework.security.web.context.SecurityContextHolderFilter@6ace919c, org.springframework.security.web.header.HeaderWriterFilter@74ebd159, org.springframework.web.filter.CorsFilter@6d3163a6, org.springframework.security.web.jwtAuthentication.logout.LogoutFilter@6f106af8, org.springframework.security.web.savedrequest.RequestCacheAwareFilter@5f5c187d, org.springframework.security.web.servletapi.SecurityContextHolderAwareRequestFilter@464400b3, org.springframework.security.web.jwtAuthentication.AnonymousAuthenticationFilter@75d97e18, org.springframework.security.web.access.ExceptionTranslationFilter@455cbf18, org.springframework.security.web.access.intercept.FilterSecurityInterceptor@1201e064]
24-06-03 19:04:48.436 [main] INFO  o.s.b.t.m.w.SpringBootMockServletContext - Initializing Spring TestDispatcherServlet '' 
24-06-03 19:04:48.437 [main] INFO  o.s.t.w.s.TestDispatcherServlet - Initializing Servlet '' 
24-06-03 19:04:48.439 [main] INFO  o.s.t.w.s.TestDispatcherServlet - Completed initialization in 2 ms 
24-06-03 19:04:48.478 [main] INFO  c.E.c.EmployeeControllerTest - Started EmployeeControllerTest in 3.622 seconds (process running for 5.138) 
24-06-03 19:04:48.649 [main] INFO  c.E.security.JwtAuthenticationFilter - Header: null 
24-06-03 19:04:48.649 [main] INFO  c.E.security.JwtAuthenticationFilter - Invalid Authorization header. 
24-06-03 19:04:48.811 [main] INFO  c.E.security.JwtAuthenticationFilter - Header: null 
24-06-03 19:04:48.811 [main] INFO  c.E.security.JwtAuthenticationFilter - Invalid Authorization header. 
24-06-03 19:04:48.830 [main] INFO  c.E.security.JwtAuthenticationFilter - Header: null 
24-06-03 19:04:48.831 [main] INFO  c.E.security.JwtAuthenticationFilter - Invalid Authorization header. 
24-06-03 19:04:48.858 [main] INFO  c.E.security.JwtAuthenticationFilter - Header: null 
24-06-03 19:04:48.858 [main] INFO  c.E.security.JwtAuthenticationFilter - Invalid Authorization header. 
24-06-03 19:04:48.951 [main] INFO  c.E.security.JwtAuthenticationFilter - Header: null 
24-06-03 19:04:48.951 [main] INFO  c.E.security.JwtAuthenticationFilter - Invalid Authorization header. 
24-06-03 19:04:48.969 [main] INFO  c.E.security.JwtAuthenticationFilter - Header: null 
24-06-03 19:04:48.969 [main] INFO  c.E.security.JwtAuthenticationFilter - Invalid Authorization header. 
