24-05-29 11:44:00.007 [main] INFO  o.s.t.c.s.AnnotationConfigContextLoaderUtils - Could not detect default configuration classes for test class [com.ERP.repositoriesTest.EmployeeRepositoryTest]: EmployeeRepositoryTest does not declare any static, non-private, non-final, nested classes annotated with @Configuration. 
24-05-29 11:44:00.040 [main] INFO  o.s.b.t.c.SpringBootTestContextBootstrapper - Found @SpringBootConfiguration com.ERP.ErpApplication for test class com.ERP.repositoriesTest.EmployeeRepositoryTest 
24-05-29 11:44:00.045 [main] INFO  o.s.b.d.r.RestartApplicationListener - Restart disabled due to context in which it is running 
24-05-29 11:44:00.095 [main] INFO  c.E.r.EmployeeRepositoryTest - Starting EmployeeRepositoryTest using Java 21.0.2 with PID 8460 (started by ASUS in C:\Users\ASUS\OneDrive\Desktop\AvisoftERP) 
24-05-29 11:44:00.096 [main] INFO  c.E.r.EmployeeRepositoryTest - No active profile set, falling back to 1 default profile: "default" 
24-05-29 11:44:00.213 [main] INFO  o.s.d.r.c.RepositoryConfigurationDelegate - Bootstrapping Spring Data JPA repositories in DEFAULT mode. 
24-05-29 11:44:00.238 [main] INFO  o.s.d.r.c.RepositoryConfigurationDelegate - Finished Spring Data repository scanning in 24 ms. Found 11 JPA repository interfaces. 
24-05-29 11:44:00.288 [main] INFO  o.h.jpa.internal.util.LogHelper - HHH000204: Processing PersistenceUnitInfo [name: default] 
24-05-29 11:44:00.291 [main] INFO  o.h.c.i.RegionFactoryInitiator - HHH000026: Second-level cache disabled 
24-05-29 11:44:00.299 [main] INFO  o.s.o.j.p.SpringPersistenceUnitInfo - No LoadTimeWeaver setup: ignoring JPA class transformer 
24-05-29 11:44:00.300 [main] INFO  com.zaxxer.hikari.HikariDataSource - HikariPool-2 - Starting... 
24-05-29 11:44:00.816 [main] INFO  com.zaxxer.hikari.pool.HikariPool - HikariPool-2 - Added connection com.mysql.cj.jdbc.ConnectionImpl@49899a52 
24-05-29 11:44:00.816 [main] INFO  com.zaxxer.hikari.HikariDataSource - HikariPool-2 - Start completed. 
24-05-29 11:44:00.817 [main] WARN  org.hibernate.orm.deprecation - HHH90000025: MySQL8Dialect does not need to be specified explicitly using 'hibernate.dialect' (remove the property setting and it will be selected by default) 
24-05-29 11:44:00.817 [main] WARN  org.hibernate.orm.deprecation - HHH90000026: MySQL8Dialect has been deprecated; use org.hibernate.dialect.MySQLDialect instead 
24-05-29 11:44:01.091 [main] INFO  o.h.e.t.j.p.i.JtaPlatformInitiator - HHH000489: No JTA platform available (set 'hibernate.transaction.jta.platform' to enable JTA platform integration) 
24-05-29 11:44:03.226 [main] INFO  o.s.o.j.LocalContainerEntityManagerFactoryBean - Initialized JPA EntityManagerFactory for persistence unit 'default' 
24-05-29 11:44:03.318 [main] INFO  c.E.r.EmployeeRepositoryTest - Started EmployeeRepositoryTest in 3.273 seconds (process running for 35.976) 
24-05-29 11:44:05.123 [main] INFO  o.s.t.c.s.AnnotationConfigContextLoaderUtils - Could not detect default configuration classes for test class [com.ERP.repositoriesTest.InvoiceRepositoryTest]: InvoiceRepositoryTest does not declare any static, non-private, non-final, nested classes annotated with @Configuration. 
24-05-29 11:44:05.125 [main] INFO  o.s.b.t.c.SpringBootTestContextBootstrapper - Found @SpringBootConfiguration com.ERP.ErpApplication for test class com.ERP.repositoriesTest.InvoiceRepositoryTest 
24-05-29 11:44:05.137 [main] INFO  c.E.r.InvoiceRepositoryTest - Starting findAllInvoices 
24-05-29 11:44:05.138 [main] INFO  c.E.r.InvoiceRepositoryTest - Starting addAll 
24-05-29 11:44:05.421 [main] INFO  c.E.r.InvoiceRepositoryTest - addAll passed 
24-05-29 11:44:05.884 [main] INFO  c.E.r.InvoiceRepositoryTest - findAllInvoices passed 
24-05-29 11:44:05.893 [main] INFO  c.E.r.InvoiceRepositoryTest - Starting addAll 
24-05-29 11:44:06.139 [main] INFO  c.E.r.InvoiceRepositoryTest - addAll passed 
24-05-29 11:44:06.146 [main] INFO  c.E.r.InvoiceRepositoryTest - Starting findByNameTest 
24-05-29 11:44:06.782 [main] INFO  c.E.r.InvoiceRepositoryTest - findByNameTest passed 
24-05-29 11:44:06.789 [main] INFO  c.E.r.InvoiceRepositoryTest - Starting updateInvoice 
24-05-29 11:44:07.641 [main] INFO  c.E.r.InvoiceRepositoryTest - updateInvoice passed 
24-05-29 11:44:07.647 [main] INFO  c.E.r.InvoiceRepositoryTest - Starting saveInvoiceTest 
24-05-29 11:44:07.907 [main] INFO  c.E.r.InvoiceRepositoryTest - saveInvoiceTest passed 
24-05-29 11:44:07.911 [main] INFO  c.E.r.InvoiceRepositoryTest - Starting findInvoiceById 
24-05-29 11:44:08.594 [main] INFO  c.E.r.InvoiceRepositoryTest - findInvoiceById passed 
24-05-29 11:44:08.598 [main] INFO  c.E.r.InvoiceRepositoryTest - Starting deleteInvoice 
24-05-29 11:44:09.705 [main] INFO  c.E.r.InvoiceRepositoryTest - deleteInvoice passed 
24-05-29 11:44:09.783 [main] INFO  o.s.t.c.s.AnnotationConfigContextLoaderUtils - Could not detect default configuration classes for test class [com.ERP.repositoriesTest.LeavesRepositoryTest]: LeavesRepositoryTest does not declare any static, non-private, non-final, nested classes annotated with @Configuration. 
24-05-29 11:44:09.804 [main] INFO  o.s.b.t.c.SpringBootTestContextBootstrapper - Found @SpringBootConfiguration com.ERP.ErpApplication for test class com.ERP.repositoriesTest.LeavesRepositoryTest 
24-05-29 11:44:11.092 [main] INFO  o.s.t.c.s.AnnotationConfigContextLoaderUtils - Could not detect default configuration classes for test class [com.ERP.repositoriesTest.ProjectRepositoryTest]: ProjectRepositoryTest does not declare any static, non-private, non-final, nested classes annotated with @Configuration. 
24-05-29 11:44:11.094 [main] INFO  o.s.b.t.c.SpringBootTestContextBootstrapper - Found @SpringBootConfiguration com.ERP.ErpApplication for test class com.ERP.repositoriesTest.ProjectRepositoryTest 
24-05-29 11:44:11.099 [main] INFO  c.E.r.ProjectRepositoryTest - Starting updateProject 
24-05-29 11:44:13.483 [main] INFO  c.E.r.ProjectRepositoryTest - updateProject passed 
24-05-29 11:44:13.485 [main] INFO  c.E.r.ProjectRepositoryTest - Starting addAll 
24-05-29 11:44:13.789 [main] INFO  c.E.r.ProjectRepositoryTest - addAll passed 
24-05-29 11:44:13.801 [main] INFO  c.E.r.ProjectRepositoryTest - Starting findByNameTest 
24-05-29 11:44:16.670 [main] INFO  c.E.r.ProjectRepositoryTest - findByNameTest passed 
24-05-29 11:44:16.670 [main] INFO  c.E.r.ProjectRepositoryTest - Starting deleteProject 
24-05-29 11:44:19.071 [main] INFO  c.E.r.ProjectRepositoryTest - deleteProject passed 
24-05-29 11:44:19.079 [main] INFO  c.E.r.ProjectRepositoryTest - Starting saveProjectTest 
24-05-29 11:44:19.272 [main] INFO  c.E.r.ProjectRepositoryTest - saveProjectTest passed 
24-05-29 11:44:19.272 [main] INFO  c.E.r.ProjectRepositoryTest - Starting findProjectById 
24-05-29 11:44:20.703 [main] INFO  c.E.r.ProjectRepositoryTest - findProjectById passed 
24-05-29 11:44:20.703 [main] INFO  c.E.r.ProjectRepositoryTest - Starting findAllProjects 
24-05-29 11:44:21.791 [main] INFO  c.E.r.ProjectRepositoryTest - findAllProjects passed 
24-05-29 11:44:21.875 [main] INFO  o.s.t.c.s.AnnotationConfigContextLoaderUtils - Could not detect default configuration classes for test class [com.ERP.repositoriesTest.SalaryStructureRepositoryTest]: SalaryStructureRepositoryTest does not declare any static, non-private, non-final, nested classes annotated with @Configuration. 
24-05-29 11:44:21.891 [main] INFO  o.s.b.t.c.SpringBootTestContextBootstrapper - Found @SpringBootConfiguration com.ERP.ErpApplication for test class com.ERP.repositoriesTest.SalaryStructureRepositoryTest 
24-05-29 11:44:22.915 [main] INFO  c.ERP.servicesTest.AssetServiceTest - Starting findAllAssetTest 
24-05-29 11:44:22.920 [main] INFO  c.ERP.servicesTest.AssetServiceTest - findAllAssetTest passed 
24-05-29 11:44:22.923 [main] INFO  c.ERP.servicesTest.AssetServiceTest - Starting updateAssetTest 
24-05-29 11:44:22.923 [main] INFO  c.ERP.servicesTest.AssetServiceTest - updateAssetTest passed 
24-05-29 11:44:22.931 [main] INFO  c.ERP.servicesTest.AssetServiceTest - Starting createAllAssetsTest 
24-05-29 11:44:22.936 [main] INFO  c.ERP.servicesTest.AssetServiceTest - createAllAssetsTest passed 
24-05-29 11:44:22.937 [main] INFO  c.ERP.servicesTest.AssetServiceTest - Starting createAssetTest 
24-05-29 11:44:22.940 [main] INFO  c.ERP.servicesTest.AssetServiceTest - createAssetTest passed 
24-05-29 11:44:22.940 [main] INFO  c.ERP.servicesTest.AssetServiceTest - Starting findAssetTest 
24-05-29 11:44:22.948 [main] INFO  c.ERP.servicesTest.AssetServiceTest - findAssetTest passed 
24-05-29 11:44:22.948 [main] INFO  c.ERP.servicesTest.AssetServiceTest - Starting deleteAssetTest 
24-05-29 11:44:22.953 [main] INFO  c.ERP.servicesTest.AssetServiceTest - deleteAssetTest passed 
24-05-29 11:44:23.312 [main] INFO  c.E.s.DepartmentServiceTest - Starting updateDepartmentTest 
24-05-29 11:44:23.320 [main] INFO  c.E.s.DepartmentServiceTest - updateDepartmentTest passed 
24-05-29 11:44:23.321 [main] INFO  c.E.s.DepartmentServiceTest - Starting createDepartmentTest 
24-05-29 11:44:23.328 [main] INFO  c.E.s.DepartmentServiceTest - createDepartmentTest passed 
24-05-29 11:44:23.333 [main] INFO  c.E.s.DepartmentServiceTest - Starting deleteDepartmentTest 
24-05-29 11:44:23.336 [main] INFO  c.E.s.DepartmentServiceTest - deleteDepartmentTest passed 
24-05-29 11:44:23.340 [main] INFO  c.E.s.DepartmentServiceTest - Starting findDepartmentTest 
24-05-29 11:44:23.340 [main] INFO  c.E.s.DepartmentServiceTest - findDepartmentTest passed 
24-05-29 11:44:23.345 [main] INFO  c.E.s.DepartmentServiceTest - Starting createAllDepartmentsTest 
24-05-29 11:44:23.376 [main] INFO  c.E.s.DepartmentServiceTest - createAllDepartmentsTest passed 
24-05-29 11:44:23.385 [main] INFO  c.E.s.DepartmentServiceTest - Starting findAllDepartmentTest 
24-05-29 11:44:23.388 [main] INFO  c.E.s.DepartmentServiceTest - findAllDepartmentTest passed 
24-05-29 11:44:23.745 [main] INFO  c.E.servicesTest.InvoiceServiceTest - Starting updateInvoiceTest 
24-05-29 11:44:23.755 [main] INFO  c.E.servicesTest.InvoiceServiceTest - updateInvoiceTest passed 
24-05-29 11:44:23.755 [main] INFO  c.E.servicesTest.InvoiceServiceTest - Starting createAllInvoicesTest 
24-05-29 11:44:23.761 [main] INFO  c.E.servicesTest.InvoiceServiceTest - createAllInvoicesTest passed 
24-05-29 11:44:23.771 [main] INFO  c.E.servicesTest.InvoiceServiceTest - Starting deleteInvoiceTest 
24-05-29 11:44:23.773 [main] INFO  c.E.servicesTest.InvoiceServiceTest - deleteInvoiceTest passed 
24-05-29 11:44:23.774 [main] INFO  c.E.servicesTest.InvoiceServiceTest - Starting findAllInvoiceTest 
24-05-29 11:44:23.778 [main] INFO  c.E.servicesTest.InvoiceServiceTest - findAllInvoiceTest passed 
24-05-29 11:44:23.778 [main] INFO  c.E.servicesTest.InvoiceServiceTest - Starting createInvoiceTest 
24-05-29 11:44:23.787 [main] INFO  c.E.servicesTest.InvoiceServiceTest - createInvoiceTest passed 
24-05-29 11:44:23.787 [main] INFO  c.E.servicesTest.InvoiceServiceTest - Starting findInvoiceTest 
24-05-29 11:44:23.796 [main] INFO  c.E.servicesTest.InvoiceServiceTest - findInvoiceTest passed 
24-05-29 11:44:24.084 [main] INFO  c.E.servicesTest.ProjectServiceTest - Starting updateProjectTest 
24-05-29 11:44:24.084 [main] INFO  c.E.servicesTest.ProjectServiceTest - updateProjectTest passed 
24-05-29 11:44:24.084 [main] INFO  c.E.servicesTest.ProjectServiceTest - Starting deleteProjectTest 
24-05-29 11:44:24.084 [main] INFO  c.E.servicesTest.ProjectServiceTest - deleteProjectTest passed 
24-05-29 11:44:24.100 [main] INFO  c.E.servicesTest.ProjectServiceTest - Starting findAllProjectTest 
24-05-29 11:44:24.100 [main] INFO  c.E.servicesTest.ProjectServiceTest - findAllProjectTest passed 
24-05-29 11:44:24.100 [main] INFO  c.E.servicesTest.ProjectServiceTest - Starting createProjectTest 
24-05-29 11:44:24.115 [main] INFO  c.E.servicesTest.ProjectServiceTest - createProjectTest passed 
24-05-29 11:44:24.115 [main] INFO  c.E.servicesTest.ProjectServiceTest - Starting findProjectTest 
24-05-29 11:44:24.115 [main] INFO  c.E.servicesTest.ProjectServiceTest - findProjectTest passed 
24-05-29 11:44:24.115 [main] INFO  c.E.servicesTest.ProjectServiceTest - Starting createAllProjectsTest 
24-05-29 11:44:24.131 [main] INFO  c.E.servicesTest.ProjectServiceTest - createAllProjectsTest passed 
24-05-29 11:44:24.823 [SpringApplicationShutdownHook] INFO  o.s.o.j.LocalContainerEntityManagerFactoryBean - Closing JPA EntityManagerFactory for persistence unit 'default' 
24-05-29 11:44:24.831 [SpringApplicationShutdownHook] INFO  com.zaxxer.hikari.HikariDataSource - HikariPool-1 - Shutdown initiated... 
24-05-29 11:44:25.580 [SpringApplicationShutdownHook] INFO  com.zaxxer.hikari.HikariDataSource - HikariPool-1 - Shutdown completed. 
24-05-29 11:44:25.580 [SpringApplicationShutdownHook] INFO  o.s.o.j.LocalContainerEntityManagerFactoryBean - Closing JPA EntityManagerFactory for persistence unit 'default' 
24-05-29 11:44:25.580 [SpringApplicationShutdownHook] INFO  com.zaxxer.hikari.HikariDataSource - HikariPool-2 - Shutdown initiated... 
24-05-29 11:44:26.088 [SpringApplicationShutdownHook] INFO  com.zaxxer.hikari.HikariDataSource - HikariPool-2 - Shutdown completed. 
